24.03.2021 16:39:12	This log contains information about the import schema operation into project 'CarRentalDatabase' on computer 'ZEYNEP' by user 'HP'.
24.03.2021 16:39:13	Import of database schema has started.
24.03.2021 16:39:17	Gathering database credentials
24.03.2021 16:39:17	Gathering database options
24.03.2021 16:39:17	Gathering generic database scoped configuration option
24.03.2021 16:39:17	Gathering users
24.03.2021 16:39:17	Gathering roles
24.03.2021 16:39:17	Gathering application roles
24.03.2021 16:39:17	Gathering role memberships
24.03.2021 16:39:17	Gathering filegroups
24.03.2021 16:39:17	Gathering full-text catalogs
24.03.2021 16:39:17	Gathering assemblies
24.03.2021 16:39:17	Gathering certificates
24.03.2021 16:39:17	Gathering asymmetric keys
24.03.2021 16:39:17	Gathering symmetric keys
24.03.2021 16:39:17	Gathering encrypted symmetric keys
24.03.2021 16:39:17	Gathering schemas
24.03.2021 16:39:17	Gathering XML schema collections
24.03.2021 16:39:17	Gathering user-defined data types
24.03.2021 16:39:17	Gathering user-defined types
24.03.2021 16:39:17	Gathering table types
24.03.2021 16:39:17	Gathering unique keys for table types
24.03.2021 16:39:17	Gathering primary keys for table types
24.03.2021 16:39:17	Gathering indexes for table types
24.03.2021 16:39:17	Gathering check constraints for table types
24.03.2021 16:39:17	Gathering default constraints for table types
24.03.2021 16:39:17	Gathering partition functions
24.03.2021 16:39:17	Gathering partition schemes
24.03.2021 16:39:17	Gathering functions
24.03.2021 16:39:17	Gathering encrypted functions
24.03.2021 16:39:17	Gathering aggregates
24.03.2021 16:39:17	Gathering procedures
24.03.2021 16:39:17	Gathering encrypted procedures
24.03.2021 16:39:17	Gathering tables
24.03.2021 16:39:17	Gathering primary keys
24.03.2021 16:39:17	Gathering unique constraints
24.03.2021 16:39:17	Gathering foreign keys
24.03.2021 16:39:17	Gathering default constraints
24.03.2021 16:39:17	Gathering check constraints
24.03.2021 16:39:17	Gathering views
24.03.2021 16:39:17	Gathering encrypted views
24.03.2021 16:39:17	Gathering indexes
24.03.2021 16:39:17	Gathering statistics
24.03.2021 16:39:17	Gathering full-text index stoplists
24.03.2021 16:39:17	Gathering search property lists
24.03.2021 16:39:17	Gathering search properties
24.03.2021 16:39:17	Gathering full-text indexes
24.03.2021 16:39:17	Gathering column store indexes
24.03.2021 16:39:17	Gathering spatial indexes
24.03.2021 16:39:17	Gathering XML indexes
24.03.2021 16:39:17	Gathering Selective XML indexes
24.03.2021 16:39:17	Gathering encrypted triggers
24.03.2021 16:39:17	Gathering triggers
24.03.2021 16:39:17	Gathering encrypted and clr ddl triggers
24.03.2021 16:39:17	Gathering ddl triggers
24.03.2021 16:39:17	Creating edge constraints
24.03.2021 16:39:17	Gathering synonyms
24.03.2021 16:39:17	Gathering defaults
24.03.2021 16:39:17	Gathering data constraint uddt bindings
24.03.2021 16:39:17	Gathering rules
24.03.2021 16:39:17	Gathering data constraint uddt bindings
24.03.2021 16:39:17	Gathering message types
24.03.2021 16:39:17	Gathering queues
24.03.2021 16:39:17	Gathering contracts
24.03.2021 16:39:17	Gathering services
24.03.2021 16:39:17	Gathering event notifications
24.03.2021 16:39:17	Gathering remote service bindings
24.03.2021 16:39:17	Gathering broker priorities
24.03.2021 16:39:17	Gathering signatures
24.03.2021 16:39:17	Gathering data compression options
24.03.2021 16:39:17	Gathering sequence types
24.03.2021 16:39:17	Gathering security policies
24.03.2021 16:39:17	Gather column encryption keys
24.03.2021 16:39:17	Gathering column master keys
24.03.2021 16:39:17	Gathering external data sources
24.03.2021 16:39:17	Gathering external file formats
24.03.2021 16:39:17	Gathering external tables
24.03.2021 16:39:17	Gathering extended properties
24.03.2021 16:39:17	Gathering credentials
24.03.2021 16:39:17	Gathering logins
24.03.2021 16:39:17	Gathering server audits
24.03.2021 16:39:18	Scanning project for duplicate elements
24.03.2021 16:39:18	Finished duplicate element processing
24.03.2021 16:39:18	Finished importing database.
24.03.2021 16:39:18	A summary of the import was saved to the following location: C:\Users\HP\source\repos\ReCapProject\CarRentalDatabase\Import Schema Logs\CarRentalDatabase_20210324013912.log
24.03.2021 16:39:18	Click Finish to continue...
